<?xml version="1.0" encoding="UTF-8"?>
<!-- Generated by org.testng.reporters.JUnitReportReporter -->
<testsuite hostname="Admin-PC" name="com.testnglearning.AppTest" tests="1" failures="0" timestamp="4 Jan 2016 01:44:38 GMT" time="0.020" errors="0">
  <testcase name="sendMail" time="0.020" classname="com.testnglearning.AppTest"/>
</testsuite> <!-- com.testnglearning.AppTest -->
