<?xml version="1.0" encoding="UTF-8"?>
<!-- Generated by org.testng.reporters.JUnitReportReporter -->
<testsuite hostname="Admin-PC" name="com.testnglearning.SampleTest" tests="1" failures="0" timestamp="8 Jan 2016 03:02:02 GMT" time="0.001" errors="0">
  <testcase name="sampletest" time="0.001" classname="com.testnglearning.SampleTest"/>
</testsuite> <!-- com.testnglearning.SampleTest -->
